#
# There is insufficient memory for the Java Runtime Environment to continue.
# Native memory allocation (malloc) failed to allocate 1048576 bytes for AllocateHeap
# Possible reasons:
#   The system is out of physical RAM or swap space
#   In 32 bit mode, the process size limit was hit
# Possible solutions:
#   Reduce memory load on the system
#   Increase physical memory or swap space
#   Check if swap backing store is full
#   Use 64 bit Java on a 64 bit OS
#   Decrease Java heap size (-Xmx/-Xms)
#   Decrease number of Java threads
#   Decrease Java thread stack sizes (-Xss)
#   Set larger code cache with -XX:ReservedCodeCacheSize=
# This output file may be truncated or incomplete.
#
#  Out of Memory Error (memory/allocation.inline.hpp:61), pid=12144, tid=0x0000000000003414
#
# JRE version:  (8.0) (build )
# Java VM: OpenJDK 64-Bit Server VM (25.71-b00 mixed mode windows-amd64 compressed oops)
# Failed to write core dump. Minidumps are not enabled by default on client versions of Windows
#

---------------  T H R E A D  ---------------

Current thread (0x00000000027ee000):  JavaThread "Unknown thread" [_thread_in_vm, id=13332, stack(0x0000000002630000,0x0000000002730000)]

Stack: [0x0000000002630000,0x0000000002730000]
[error occurred during error reporting (printing stack bounds), id 0xc0000005]

Native frames: (J=compiled Java code, j=interpreted, Vv=VM code, C=native code)


---------------  P R O C E S S  ---------------

Java Threads: ( => current thread )

Other Threads:

=>0x00000000027ee000 (exited) JavaThread "Unknown thread" [_thread_in_vm, id=13332, stack(0x0000000002630000,0x0000000002730000)]

VM state:not at safepoint (normal execution)

VM Mutex/Monitor currently owned by a thread: None

Heap:
 PSYoungGen      total 37888K, used 655K [0x00000000d6300000, 0x00000000d8d00000, 0x0000000100000000)
  eden space 32768K, 2% used [0x00000000d6300000,0x00000000d63a3d80,0x00000000d8300000)
  from space 5120K, 0% used [0x00000000d8800000,0x00000000d8800000,0x00000000d8d00000)
  to   space 5120K, 0% used [0x00000000d8300000,0x00000000d8300000,0x00000000d8800000)
 ParOldGen       total 86016K, used 0K [0x0000000082800000, 0x0000000087c00000, 0x00000000d6300000)
  object space 86016K, 0% used [0x0000000082800000,0x0000000082800000,0x0000000087c00000)
 Metaspace       used 777K, capacity 4480K, committed 4480K, reserved 1056768K
  class space    used 74K, capacity 384K, committed 384K, reserved 1048576K

Card table byte_map: [0x0000000011cb0000,0x00000000120a0000] byte_map_base: 0x000000001189c000

Marking Bits: (ParMarkBitMap*) 0x0000000073ecbe50
 Begin Bits: [0x0000000012b40000, 0x0000000014aa0000)
 End Bits:   [0x0000000014aa0000, 0x0000000016a00000)

Polling page: 0x0000000000df0000

CodeCache: size=245760Kb used=328Kb max_used=328Kb free=245431Kb
 bounds [0x00000000028f0000, 0x0000000002b60000, 0x00000000118f0000]
 total_blobs=57 nmethods=0 adapters=38
 compilation: enabled

Compilation events (0 events):
No events

GC Heap History (0 events):
No events

Deoptimization events (0 events):
No events

Classes redefined (0 events):
No events

Internal exceptions (0 events):
No events

Events (10 events):
Event: 0.083 loading class java/lang/Short
Event: 0.083 loading class java/lang/Short done
Event: 0.083 loading class java/lang/Integer
Event: 0.083 loading class java/lang/Integer done
Event: 0.083 loading class java/lang/Long
Event: 0.084 loading class java/lang/Long done
Event: 0.084 loading class java/lang/NullPointerException
Event: 0.084 loading class java/lang/NullPointerException done
Event: 0.084 loading class java/lang/ArithmeticException
Event: 0.084 loading class java/lang/ArithmeticException done


Dynamic libraries:
0x00007ff754140000 - 0x00007ff754175000 	D:\Unity\Hub\Editor\2021.3.21f1\Editor\Data\PlaybackEngines\AndroidPlayer\OpenJDK\bin\java.exe
0x00007ffa71850000 - 0x00007ffa71a64000 	C:\WINDOWS\SYSTEM32\ntdll.dll
0x00007ffa6fbe0000 - 0x00007ffa6fca4000 	C:\WINDOWS\System32\KERNEL32.DLL
0x00007ffa6ee50000 - 0x00007ffa6f1f4000 	C:\WINDOWS\System32\KERNELBASE.dll
0x00007ffa70b00000 - 0x00007ffa70bb0000 	C:\WINDOWS\System32\ADVAPI32.dll
0x00007ffa704d0000 - 0x00007ffa70577000 	C:\WINDOWS\System32\msvcrt.dll
0x00007ffa6f7e0000 - 0x00007ffa6f886000 	C:\WINDOWS\System32\sechost.dll
0x00007ffa6f940000 - 0x00007ffa6fa57000 	C:\WINDOWS\System32\RPCRT4.dll
0x00007ffa6f610000 - 0x00007ffa6f7ba000 	C:\WINDOWS\System32\USER32.dll
0x00007ffa6ee20000 - 0x00007ffa6ee46000 	C:\WINDOWS\System32\win32u.dll
0x00007ffa70fc0000 - 0x00007ffa70fe9000 	C:\WINDOWS\System32\GDI32.dll
0x00007ffa6f430000 - 0x00007ffa6f549000 	C:\WINDOWS\System32\gdi32full.dll
0x00007ffa6f320000 - 0x00007ffa6f3ba000 	C:\WINDOWS\System32\msvcp_win.dll
0x00007ffa6f200000 - 0x00007ffa6f311000 	C:\WINDOWS\System32\ucrtbase.dll
0x00007ffa51e60000 - 0x00007ffa520ef000 	C:\WINDOWS\WinSxS\amd64_microsoft.windows.common-controls_6595b64144ccf1df_6.0.22621.2070_none_2713e6537381f706\COMCTL32.dll
0x00007ffa6ff00000 - 0x00007ffa6ff31000 	C:\WINDOWS\System32\IMM32.DLL
0x0000000073f50000 - 0x0000000074022000 	D:\Unity\Hub\Editor\2021.3.21f1\Editor\Data\PlaybackEngines\AndroidPlayer\OpenJDK\jre\bin\msvcr100.dll
0x0000000073700000 - 0x0000000073f49000 	D:\Unity\Hub\Editor\2021.3.21f1\Editor\Data\PlaybackEngines\AndroidPlayer\OpenJDK\jre\bin\server\jvm.dll
0x00007ffa70bc0000 - 0x00007ffa70bc8000 	C:\WINDOWS\System32\PSAPI.DLL
0x00007ffa66d80000 - 0x00007ffa66d89000 	C:\WINDOWS\SYSTEM32\WSOCK32.dll
0x00007ffa70e40000 - 0x00007ffa70eb1000 	C:\WINDOWS\System32\WS2_32.dll
0x00007ffa65b80000 - 0x00007ffa65bb4000 	C:\WINDOWS\SYSTEM32\WINMM.dll
0x00007ffa672c0000 - 0x00007ffa672ca000 	C:\WINDOWS\SYSTEM32\VERSION.dll
0x00007ffa2a7a0000 - 0x00007ffa2a7af000 	D:\Unity\Hub\Editor\2021.3.21f1\Editor\Data\PlaybackEngines\AndroidPlayer\OpenJDK\jre\bin\verify.dll
0x00007ff9da140000 - 0x00007ff9da169000 	D:\Unity\Hub\Editor\2021.3.21f1\Editor\Data\PlaybackEngines\AndroidPlayer\OpenJDK\jre\bin\java.dll
0x00007ffa00b30000 - 0x00007ffa00b46000 	D:\Unity\Hub\Editor\2021.3.21f1\Editor\Data\PlaybackEngines\AndroidPlayer\OpenJDK\jre\bin\zip.dll

VM Arguments:
java_command: <unknown>
java_class_path (initial): .
Launcher Type: SUN_STANDARD

Environment Variables:
JAVA_HOME=D:\Unity\Hub\Editor\2021.3.21f1\Editor\Data\PlaybackEngines\AndroidPlayer\OpenJDK
PATH=C:\WINDOWS\system32;C:\WINDOWS;C:\WINDOWS\System32\Wbem;C:\WINDOWS\System32\WindowsPowerShell\v1.0\;C:\WINDOWS\System32\OpenSSH\;C:\Program Files\Git\cmd;C:\Program Files (x86)\Microsoft SQL Server\130\Tools\Binn\;C:\Program Files\Microsoft SQL Server\130\Tools\Binn\;C:\Program Files (x86)\Microsoft SQL Server\130\DTS\Binn\;C:\Program Files\Microsoft SQL Server\130\DTS\Binn\;C:\Program Files\Microsoft SQL Server\Client SDK\ODBC\130\Tools\Binn\;C:\Program Files\Microsoft SQL Server\150\Tools\Binn\;C:\Program Files\Microsoft SQL Server\Client SDK\ODBC\170\Tools\Binn\;C:\Program Files\dotnet\;C:\Users\zapar\AppData\Local\Programs\Python\Python311\Scripts\;C:\Users\zapar\AppData\Local\Programs\Python\Python311\;C:\Users\zapar\AppData\Local\Microsoft\WindowsApps;C:\Users\zapar\AppData\Local\GitHubDesktop\bin;C:\Users\zapar\.dotnet\tools
USERNAME=zapar
OS=Windows_NT
PROCESSOR_IDENTIFIER=Intel64 Family 6 Model 142 Stepping 12, GenuineIntel



---------------  S Y S T E M  ---------------

OS: Windows 10.0 , 64 bit Build 22621 (10.0.22621.2070)

CPU:total 8 (initial active 8) (4 cores per cpu, 2 threads per core) family 6 model 142 stepping 12, cmov, cx8, fxsr, mmx, sse, sse2, sse3, ssse3, sse4.1, sse4.2, popcnt, avx, avx2, aes, clmul, erms, 3dnowpref, lzcnt, ht, tsc, tscinvbit, bmi1, bmi2, adx

Memory: 4k page, physical 8217904k(348732k free), swap 22830224k(5308k free)

vm_info: OpenJDK 64-Bit Server VM (25.71-b00) for windows-amd64 JRE (1.8.0-adoptopenjdk-_2018_05_19_00_59-b00), built on May 19 2018 01:02:12 by "jenkins" with MS VC++ 10.0 (VS2010)

time: Mon Aug 21 18:28:11 2023
elapsed time: 0 seconds (0d 0h 0m 0s)

